TN:
SF:src/L1Comptroller.sol
FN:65,L1Comptroller.initialize
FNDA:0,L1Comptroller.initialize
DA:71,0
BRDA:70,0,0,-
BRDA:70,0,1,-
DA:73,0
DA:75,0
DA:76,0
DA:78,0
DA:79,0
DA:80,0
FN:87,L1Comptroller.buyBack
FNDA:12,L1Comptroller.buyBack
DA:93,10
DA:95,10
DA:98,10
DA:109,10
FN:119,L1Comptroller.setL2Comptroller
FNDA:3,L1Comptroller.setL2Comptroller
DA:120,2
BRDA:120,1,0,1
BRDA:120,1,1,1
DA:122,1
DA:124,1
FN:130,L1Comptroller.emergencyWithdraw
FNDA:4,L1Comptroller.emergencyWithdraw
DA:134,2
DA:137,2
BRDA:137,2,0,-
BRDA:137,2,1,1
DA:138,1
DA:143,2
DA:145,2
FN:153,L1Comptroller.setCrossChainGasLimit
FNDA:3,L1Comptroller.setCrossChainGasLimit
DA:156,2
BRDA:156,3,0,1
BRDA:156,3,1,1
DA:158,1
DA:160,1
FN:165,L1Comptroller.pause
FNDA:5,L1Comptroller.pause
DA:166,4
FN:171,L1Comptroller.unpause
FNDA:2,L1Comptroller.unpause
DA:172,1
FNF:7
FNH:6
LF:24
LH:17
BRF:8
BRH:5
end_of_record
TN:
SF:src/L2Comptroller.sol
FN:108,L2Comptroller.initialize
FNDA:0,L2Comptroller.initialize
DA:117,0
BRDA:116,0,0,-
BRDA:116,0,1,-
DA:121,0
DA:124,0
BRDA:123,1,0,-
BRDA:123,1,1,-
DA:127,0
DA:130,0
DA:133,0
DA:135,0
DA:136,0
DA:137,0
DA:138,0
DA:139,0
DA:140,0
DA:142,0
DA:145,0
BRDA:145,2,0,-
BRDA:145,2,1,-
DA:148,0
FN:156,L2Comptroller.buyBack
FNDA:11,L2Comptroller.buyBack
DA:161,11
DA:163,9
DA:165,6
FN:179,L2Comptroller.buyBackFromL1
FNDA:23,L2Comptroller.buyBackFromL1
DA:187,23
BRDA:186,3,0,2
BRDA:186,3,1,21
DA:189,2
DA:192,21
DA:196,21
BRDA:196,4,0,-
BRDA:196,4,1,21
DA:200,21
DA:203,21
DA:208,21
FN:235,L2Comptroller.claimAll
FNDA:6,L2Comptroller.claimAll
DA:238,6
FN:248,L2Comptroller.claim
FNDA:8,L2Comptroller.claim
DA:253,14
DA:254,14
DA:258,14
BRDA:258,5,0,2
BRDA:258,5,1,12
DA:259,2
DA:263,12
BRDA:263,6,0,-
BRDA:263,6,1,12
DA:267,12
DA:270,12
BRDA:270,7,0,1
BRDA:270,7,1,11
DA:271,1
DA:278,11
DA:280,11
DA:282,11
FN:292,L2Comptroller._buyBack
FNDA:42,L2Comptroller._buyBack
DA:296,42
BRDA:296,8,0,1
BRDA:296,8,1,41
DA:298,41
DA:299,41
DA:304,41
BRDA:304,9,0,1
BRDA:304,9,1,40
DA:305,1
DA:308,40
DA:313,40
DA:319,26
BRDA:319,10,0,1
BRDA:319,10,1,26
DA:320,1
DA:322,1
FN:330,L2Comptroller.convertToTokenToBurn
FNDA:1,L2Comptroller.convertToTokenToBurn
DA:333,3
FN:342,L2Comptroller.convertToTokenToBuy
FNDA:1,L2Comptroller.convertToTokenToBuy
DA:345,6
FN:354,L2Comptroller.getClaimableAmount
FNDA:5,L2Comptroller.getClaimableAmount
DA:357,5
FN:370,L2Comptroller.maxBurnAmountClaimable
FNDA:2,L2Comptroller.maxBurnAmountClaimable
DA:375,2
FN:387,L2Comptroller.setL1Comptroller
FNDA:3,L2Comptroller.setL1Comptroller
DA:388,2
BRDA:388,11,0,1
BRDA:388,11,1,1
DA:390,1
DA:392,1
FN:398,L2Comptroller.modifyThreshold
FNDA:2,L2Comptroller.modifyThreshold
DA:399,1
DA:401,1
FN:407,L2Comptroller.emergencyWithdraw
FNDA:4,L2Comptroller.emergencyWithdraw
DA:411,2
DA:414,2
BRDA:414,12,0,-
BRDA:414,12,1,1
DA:415,1
DA:420,2
DA:422,2
FN:426,L2Comptroller.pause
FNDA:4,L2Comptroller.pause
DA:427,3
FN:431,L2Comptroller.unpause
FNDA:2,L2Comptroller.unpause
DA:432,1
FNF:15
FNH:14
LF:63
LH:48
BRF:26
BRH:17
end_of_record
TN:
SF:test/helpers/Setup.sol
FN:55,Setup.setUp
FNDA:0,Setup.setUp
DA:56,0
DA:57,0
DA:59,0
DA:60,0
DA:63,0
DA:65,0
DA:69,0
DA:76,0
DA:79,0
DA:90,0
DA:97,0
DA:99,0
DA:102,0
DA:105,0
DA:108,0
DA:119,0
DA:129,0
DA:131,0
DA:134,0
DA:136,0
DA:139,0
DA:141,0
FN:144,Setup._fillWallets
FNDA:0,Setup._fillWallets
DA:146,0
DA:147,0
DA:148,0
FNF:2
FNH:0
LF:25
LH:0
BRF:0
BRH:0
end_of_record
